{"/Users/douglasmorais/Documents/GitHub/funcionalidades-react-accenture20/src/App.tsx": {"path":"/Users/douglasmorais/Documents/GitHub/funcionalidades-react-accenture20/src/App.tsx","statementMap":{"0":{"start":{"line":10,"column":22},"end":{"line":20,"column":1}},"1":{"start":{"line":11,"column":2},"end":{"line":19,"column":4}}},"fnMap":{"0":{"name":"(anonymous_0)","decl":{"start":{"line":10,"column":22},"end":{"line":10,"column":23}},"loc":{"start":{"line":10,"column":28},"end":{"line":20,"column":1}},"line":10}},"branchMap":{},"s":{"0":0,"1":0},"f":{"0":0},"b":{}}
,"/Users/douglasmorais/Documents/GitHub/funcionalidades-react-accenture20/src/index.tsx": {"path":"/Users/douglasmorais/Documents/GitHub/funcionalidades-react-accenture20/src/index.tsx","statementMap":{"0":{"start":{"line":5,"column":0},"end":{"line":10,"column":2}}},"fnMap":{},"branchMap":{},"s":{"0":0},"f":{},"b":{}}
,"/Users/douglasmorais/Documents/GitHub/funcionalidades-react-accenture20/src/react-app-env.d.ts": {"path":"/Users/douglasmorais/Documents/GitHub/funcionalidades-react-accenture20/src/react-app-env.d.ts","statementMap":{},"fnMap":{},"branchMap":{},"s":{},"f":{},"b":{}}
,"/Users/douglasmorais/Documents/GitHub/funcionalidades-react-accenture20/src/pages/dashBoard/index.tsx": {"path":"/Users/douglasmorais/Documents/GitHub/funcionalidades-react-accenture20/src/pages/dashBoard/index.tsx","statementMap":{"0":{"start":{"line":30,"column":28},"end":{"line":87,"column":1}},"1":{"start":{"line":32,"column":42},"end":{"line":32,"column":66}},"2":{"start":{"line":34,"column":18},"end":{"line":34,"column":30}},"3":{"start":{"line":36,"column":23},"end":{"line":36,"column":64}},"4":{"start":{"line":38,"column":28},"end":{"line":47,"column":3}},"5":{"start":{"line":39,"column":4},"end":{"line":46,"column":5}},"6":{"start":{"line":40,"column":23},"end":{"line":40,"column":46}},"7":{"start":{"line":41,"column":26},"end":{"line":41,"column":37}},"8":{"start":{"line":42,"column":22},"end":{"line":42,"column":52}},"9":{"start":{"line":43,"column":6},"end":{"line":43,"column":25}},"10":{"start":{"line":45,"column":6},"end":{"line":45,"column":18}},"11":{"start":{"line":49,"column":18},"end":{"line":49,"column":37}},"12":{"start":{"line":51,"column":2},"end":{"line":66,"column":9}},"13":{"start":{"line":52,"column":4},"end":{"line":65,"column":6}},"14":{"start":{"line":59,"column":8},"end":{"line":59,"column":37}},"15":{"start":{"line":62,"column":6},"end":{"line":62,"column":26}},"16":{"start":{"line":63,"column":6},"end":{"line":63,"column":52}},"17":{"start":{"line":64,"column":6},"end":{"line":64,"column":28}},"18":{"start":{"line":70,"column":2},"end":{"line":86,"column":7}},"19":{"start":{"line":82,"column":6},"end":{"line":84,"column":12}}},"fnMap":{"0":{"name":"(anonymous_0)","decl":{"start":{"line":30,"column":28},"end":{"line":30,"column":29}},"loc":{"start":{"line":30,"column":34},"end":{"line":87,"column":1}},"line":30},"1":{"name":"(anonymous_1)","decl":{"start":{"line":38,"column":28},"end":{"line":38,"column":29}},"loc":{"start":{"line":38,"column":34},"end":{"line":47,"column":3}},"line":38},"2":{"name":"(anonymous_2)","decl":{"start":{"line":51,"column":13},"end":{"line":51,"column":14}},"loc":{"start":{"line":51,"column":19},"end":{"line":66,"column":3}},"line":51},"3":{"name":"(anonymous_3)","decl":{"start":{"line":58,"column":6},"end":{"line":58,"column":7}},"loc":{"start":{"line":58,"column":18},"end":{"line":60,"column":7}},"line":58},"4":{"name":"(anonymous_4)","decl":{"start":{"line":61,"column":13},"end":{"line":61,"column":14}},"loc":{"start":{"line":61,"column":18},"end":{"line":65,"column":5}},"line":61},"5":{"name":"(anonymous_5)","decl":{"start":{"line":81,"column":49},"end":{"line":81,"column":50}},"loc":{"start":{"line":82,"column":6},"end":{"line":84,"column":12}},"line":82}},"branchMap":{"0":{"loc":{"start":{"line":36,"column":23},"end":{"line":36,"column":64}},"type":"binary-expr","locations":[{"start":{"line":36,"column":23},"end":{"line":36,"column":27}},{"start":{"line":36,"column":31},"end":{"line":36,"column":64}}],"line":36},"1":{"loc":{"start":{"line":39,"column":4},"end":{"line":46,"column":5}},"type":"if","locations":[{"start":{"line":39,"column":4},"end":{"line":46,"column":5}},{"start":{"line":39,"column":4},"end":{"line":46,"column":5}}],"line":39}},"s":{"0":0,"1":0,"2":0,"3":0,"4":0,"5":0,"6":0,"7":0,"8":0,"9":0,"10":0,"11":0,"12":0,"13":0,"14":0,"15":0,"16":0,"17":0,"18":0,"19":0},"f":{"0":0,"1":0,"2":0,"3":0,"4":0,"5":0},"b":{"0":[0,0],"1":[0,0]}}
,"/Users/douglasmorais/Documents/GitHub/funcionalidades-react-accenture20/src/pages/dashBoard/style.ts": {"path":"/Users/douglasmorais/Documents/GitHub/funcionalidades-react-accenture20/src/pages/dashBoard/style.ts","statementMap":{},"fnMap":{},"branchMap":{},"s":{},"f":{},"b":{}}
,"/Users/douglasmorais/Documents/GitHub/funcionalidades-react-accenture20/src/pages/error/index.tsx": {"path":"/Users/douglasmorais/Documents/GitHub/funcionalidades-react-accenture20/src/pages/error/index.tsx","statementMap":{"0":{"start":{"line":5,"column":24},"end":{"line":11,"column":1}},"1":{"start":{"line":6,"column":2},"end":{"line":10,"column":4}}},"fnMap":{"0":{"name":"(anonymous_0)","decl":{"start":{"line":5,"column":24},"end":{"line":5,"column":25}},"loc":{"start":{"line":5,"column":30},"end":{"line":11,"column":1}},"line":5}},"branchMap":{},"s":{"0":0,"1":0},"f":{"0":0},"b":{}}
,"/Users/douglasmorais/Documents/GitHub/funcionalidades-react-accenture20/src/pages/error/style.ts": {"path":"/Users/douglasmorais/Documents/GitHub/funcionalidades-react-accenture20/src/pages/error/style.ts","statementMap":{},"fnMap":{},"branchMap":{},"s":{},"f":{},"b":{}}
,"/Users/douglasmorais/Documents/GitHub/funcionalidades-react-accenture20/src/pages/home/form.tsx": {"path":"/Users/douglasmorais/Documents/GitHub/funcionalidades-react-accenture20/src/pages/home/form.tsx","statementMap":{"0":{"start":{"line":15,"column":18},"end":{"line":117,"column":1}},"1":{"start":{"line":25,"column":8},"end":{"line":25,"column":13}},"2":{"start":{"line":27,"column":4},"end":{"line":116,"column":6}},"3":{"start":{"line":122,"column":12},"end":{"line":174,"column":13}},"4":{"start":{"line":124,"column":32},"end":{"line":130,"column":5}},"5":{"start":{"line":144,"column":8},"end":{"line":144,"column":63}}},"fnMap":{"0":{"name":"(anonymous_0)","decl":{"start":{"line":15,"column":18},"end":{"line":15,"column":19}},"loc":{"start":{"line":15,"column":72},"end":{"line":117,"column":1}},"line":15},"1":{"name":"(anonymous_1)","decl":{"start":{"line":124,"column":22},"end":{"line":124,"column":23}},"loc":{"start":{"line":124,"column":32},"end":{"line":130,"column":5}},"line":124},"2":{"name":"(anonymous_2)","decl":{"start":{"line":140,"column":4},"end":{"line":140,"column":5}},"loc":{"start":{"line":143,"column":6},"end":{"line":173,"column":5}},"line":143}},"branchMap":{"0":{"loc":{"start":{"line":50,"column":40},"end":{"line":50,"column":68}},"type":"cond-expr","locations":[{"start":{"line":50,"column":53},"end":{"line":50,"column":63}},{"start":{"line":50,"column":66},"end":{"line":50,"column":68}}],"line":50},"1":{"loc":{"start":{"line":51,"column":41},"end":{"line":51,"column":96}},"type":"cond-expr","locations":[{"start":{"line":51,"column":59},"end":{"line":51,"column":76}},{"start":{"line":51,"column":79},"end":{"line":51,"column":96}}],"line":51},"2":{"loc":{"start":{"line":61,"column":40},"end":{"line":61,"column":69}},"type":"cond-expr","locations":[{"start":{"line":61,"column":54},"end":{"line":61,"column":64}},{"start":{"line":61,"column":67},"end":{"line":61,"column":69}}],"line":61},"3":{"loc":{"start":{"line":62,"column":41},"end":{"line":62,"column":116}},"type":"cond-expr","locations":[{"start":{"line":62,"column":59},"end":{"line":62,"column":86}},{"start":{"line":62,"column":89},"end":{"line":62,"column":116}}],"line":62},"4":{"loc":{"start":{"line":72,"column":40},"end":{"line":72,"column":73}},"type":"cond-expr","locations":[{"start":{"line":72,"column":58},"end":{"line":72,"column":68}},{"start":{"line":72,"column":71},"end":{"line":72,"column":73}}],"line":72},"5":{"loc":{"start":{"line":73,"column":41},"end":{"line":73,"column":118}},"type":"cond-expr","locations":[{"start":{"line":73,"column":59},"end":{"line":73,"column":87}},{"start":{"line":73,"column":90},"end":{"line":73,"column":118}}],"line":73},"6":{"loc":{"start":{"line":83,"column":40},"end":{"line":83,"column":73}},"type":"cond-expr","locations":[{"start":{"line":83,"column":58},"end":{"line":83,"column":68}},{"start":{"line":83,"column":71},"end":{"line":83,"column":73}}],"line":83},"7":{"loc":{"start":{"line":84,"column":41},"end":{"line":84,"column":100}},"type":"cond-expr","locations":[{"start":{"line":84,"column":59},"end":{"line":84,"column":78}},{"start":{"line":84,"column":81},"end":{"line":84,"column":100}}],"line":84},"8":{"loc":{"start":{"line":94,"column":40},"end":{"line":94,"column":75}},"type":"cond-expr","locations":[{"start":{"line":94,"column":60},"end":{"line":94,"column":70}},{"start":{"line":94,"column":73},"end":{"line":94,"column":75}}],"line":94},"9":{"loc":{"start":{"line":95,"column":41},"end":{"line":95,"column":102}},"type":"cond-expr","locations":[{"start":{"line":95,"column":59},"end":{"line":95,"column":79}},{"start":{"line":95,"column":82},"end":{"line":95,"column":102}}],"line":95},"10":{"loc":{"start":{"line":104,"column":32},"end":{"line":107,"column":71}},"type":"binary-expr","locations":[{"start":{"line":104,"column":32},"end":{"line":104,"column":44}},{"start":{"line":105,"column":32},"end":{"line":105,"column":61}},{"start":{"line":106,"column":32},"end":{"line":106,"column":63}},{"start":{"line":107,"column":32},"end":{"line":107,"column":71}}],"line":104},"11":{"loc":{"start":{"line":105,"column":35},"end":{"line":105,"column":60}},"type":"binary-expr","locations":[{"start":{"line":105,"column":35},"end":{"line":105,"column":45}},{"start":{"line":105,"column":49},"end":{"line":105,"column":60}}],"line":105},"12":{"loc":{"start":{"line":106,"column":35},"end":{"line":106,"column":62}},"type":"binary-expr","locations":[{"start":{"line":106,"column":35},"end":{"line":106,"column":46}},{"start":{"line":106,"column":50},"end":{"line":106,"column":62}}],"line":106},"13":{"loc":{"start":{"line":107,"column":35},"end":{"line":107,"column":70}},"type":"binary-expr","locations":[{"start":{"line":107,"column":35},"end":{"line":107,"column":50}},{"start":{"line":107,"column":54},"end":{"line":107,"column":70}}],"line":107},"14":{"loc":{"start":{"line":125,"column":13},"end":{"line":125,"column":35}},"type":"binary-expr","locations":[{"start":{"line":125,"column":13},"end":{"line":125,"column":29}},{"start":{"line":125,"column":33},"end":{"line":125,"column":35}}],"line":125},"15":{"loc":{"start":{"line":126,"column":14},"end":{"line":126,"column":37}},"type":"binary-expr","locations":[{"start":{"line":126,"column":14},"end":{"line":126,"column":31}},{"start":{"line":126,"column":35},"end":{"line":126,"column":37}}],"line":126},"16":{"loc":{"start":{"line":127,"column":18},"end":{"line":127,"column":45}},"type":"binary-expr","locations":[{"start":{"line":127,"column":18},"end":{"line":127,"column":39}},{"start":{"line":127,"column":43},"end":{"line":127,"column":45}}],"line":127},"17":{"loc":{"start":{"line":128,"column":18},"end":{"line":128,"column":45}},"type":"binary-expr","locations":[{"start":{"line":128,"column":18},"end":{"line":128,"column":39}},{"start":{"line":128,"column":43},"end":{"line":128,"column":45}}],"line":128},"18":{"loc":{"start":{"line":129,"column":20},"end":{"line":129,"column":49}},"type":"binary-expr","locations":[{"start":{"line":129,"column":20},"end":{"line":129,"column":43}},{"start":{"line":129,"column":47},"end":{"line":129,"column":49}}],"line":129}},"s":{"0":2,"1":18,"2":18,"3":2,"4":2,"5":1},"f":{"0":18,"1":2,"2":1},"b":{"0":[0,18],"1":[4,14],"2":[2,16],"3":[4,14],"4":[4,14],"5":[4,14],"6":[6,12],"7":[4,14],"8":[9,9],"9":[4,14],"10":[18,7,7,7],"11":[7,0],"12":[7,0],"13":[7,0],"14":[2,2],"15":[2,2],"16":[2,2],"17":[2,2],"18":[2,2]},"_coverageSchema":"1a1c01bbd47fc00a2c39e90264f33305004495a9","hash":"18bc83837ebee243772abd0fc60e12b48e4a0420"}
,"/Users/douglasmorais/Documents/GitHub/funcionalidades-react-accenture20/src/pages/home/index.tsx": {"path":"/Users/douglasmorais/Documents/GitHub/funcionalidades-react-accenture20/src/pages/home/index.tsx","statementMap":{"0":{"start":{"line":9,"column":23},"end":{"line":22,"column":1}},"1":{"start":{"line":10,"column":2},"end":{"line":21,"column":6}}},"fnMap":{"0":{"name":"(anonymous_0)","decl":{"start":{"line":9,"column":23},"end":{"line":9,"column":24}},"loc":{"start":{"line":9,"column":29},"end":{"line":22,"column":1}},"line":9}},"branchMap":{},"s":{"0":1,"1":1},"f":{"0":1},"b":{},"_coverageSchema":"1a1c01bbd47fc00a2c39e90264f33305004495a9","hash":"38918aafb8ad55f678abf6de7519cf39025121ce"}
,"/Users/douglasmorais/Documents/GitHub/funcionalidades-react-accenture20/src/pages/home/style.ts": {"path":"/Users/douglasmorais/Documents/GitHub/funcionalidades-react-accenture20/src/pages/home/style.ts","statementMap":{"0":{"start":{"line":5,"column":25},"end":{"line":9,"column":1}},"1":{"start":{"line":11,"column":22},"end":{"line":15,"column":1}},"2":{"start":{"line":17,"column":26},"end":{"line":124,"column":1}}},"fnMap":{},"branchMap":{},"s":{"0":2,"1":2,"2":2},"f":{},"b":{},"_coverageSchema":"1a1c01bbd47fc00a2c39e90264f33305004495a9","hash":"126692e52ce41f5c40bb7556cb6204cb09b7c504"}
,"/Users/douglasmorais/Documents/GitHub/funcionalidades-react-accenture20/src/pages/login/index.tsx": {"path":"/Users/douglasmorais/Documents/GitHub/funcionalidades-react-accenture20/src/pages/login/index.tsx","statementMap":{"0":{"start":{"line":15,"column":24},"end":{"line":94,"column":1}},"1":{"start":{"line":17,"column":18},"end":{"line":17,"column":30}},"2":{"start":{"line":19,"column":30},"end":{"line":19,"column":42}},"3":{"start":{"line":20,"column":36},"end":{"line":20,"column":48}},"4":{"start":{"line":22,"column":34},"end":{"line":25,"column":4}},"5":{"start":{"line":23,"column":23},"end":{"line":23,"column":62}},"6":{"start":{"line":23,"column":29},"end":{"line":23,"column":62}},"7":{"start":{"line":24,"column":4},"end":{"line":24,"column":26}},"8":{"start":{"line":27,"column":2},"end":{"line":29,"column":15}},"9":{"start":{"line":28,"column":4},"end":{"line":28,"column":65}},"10":{"start":{"line":32,"column":4},"end":{"line":32,"column":27}},"11":{"start":{"line":34,"column":20},"end":{"line":37,"column":5}},"12":{"start":{"line":39,"column":4},"end":{"line":44,"column":5}},"13":{"start":{"line":41,"column":8},"end":{"line":41,"column":62}},"14":{"start":{"line":42,"column":8},"end":{"line":42,"column":34}},"15":{"start":{"line":47,"column":2},"end":{"line":93,"column":4}},"16":{"start":{"line":64,"column":32},"end":{"line":64,"column":56}},"17":{"start":{"line":71,"column":32},"end":{"line":71,"column":59}}},"fnMap":{"0":{"name":"(anonymous_0)","decl":{"start":{"line":15,"column":24},"end":{"line":15,"column":25}},"loc":{"start":{"line":15,"column":30},"end":{"line":94,"column":1}},"line":15},"1":{"name":"(anonymous_1)","decl":{"start":{"line":22,"column":51},"end":{"line":22,"column":52}},"loc":{"start":{"line":22,"column":61},"end":{"line":25,"column":3}},"line":22},"2":{"name":"(anonymous_2)","decl":{"start":{"line":23,"column":23},"end":{"line":23,"column":24}},"loc":{"start":{"line":23,"column":29},"end":{"line":23,"column":62}},"line":23},"3":{"name":"(anonymous_3)","decl":{"start":{"line":27,"column":12},"end":{"line":27,"column":13}},"loc":{"start":{"line":27,"column":18},"end":{"line":29,"column":3}},"line":27},"4":{"name":"handleLogin","decl":{"start":{"line":31,"column":11},"end":{"line":31,"column":22}},"loc":{"start":{"line":31,"column":58},"end":{"line":46,"column":3}},"line":31},"5":{"name":"(anonymous_5)","decl":{"start":{"line":40,"column":6},"end":{"line":40,"column":7}},"loc":{"start":{"line":40,"column":18},"end":{"line":43,"column":7}},"line":40},"6":{"name":"(anonymous_6)","decl":{"start":{"line":64,"column":27},"end":{"line":64,"column":28}},"loc":{"start":{"line":64,"column":32},"end":{"line":64,"column":56}},"line":64},"7":{"name":"(anonymous_7)","decl":{"start":{"line":71,"column":27},"end":{"line":71,"column":28}},"loc":{"start":{"line":71,"column":32},"end":{"line":71,"column":59}},"line":71}},"branchMap":{"0":{"loc":{"start":{"line":28,"column":4},"end":{"line":28,"column":65}},"type":"cond-expr","locations":[{"start":{"line":28,"column":16},"end":{"line":28,"column":42}},{"start":{"line":28,"column":45},"end":{"line":28,"column":65}}],"line":28}},"s":{"0":0,"1":0,"2":0,"3":0,"4":0,"5":0,"6":0,"7":0,"8":0,"9":0,"10":0,"11":0,"12":0,"13":0,"14":0,"15":0,"16":0,"17":0},"f":{"0":0,"1":0,"2":0,"3":0,"4":0,"5":0,"6":0,"7":0},"b":{"0":[0,0]}}
,"/Users/douglasmorais/Documents/GitHub/funcionalidades-react-accenture20/src/pages/login/style.ts": {"path":"/Users/douglasmorais/Documents/GitHub/funcionalidades-react-accenture20/src/pages/login/style.ts","statementMap":{"0":{"start":{"line":3,"column":25},"end":{"line":7,"column":1}},"1":{"start":{"line":9,"column":22},"end":{"line":13,"column":1}},"2":{"start":{"line":15,"column":25},"end":{"line":87,"column":1}},"3":{"start":{"line":89,"column":28},"end":{"line":99,"column":1}}},"fnMap":{},"branchMap":{},"s":{"0":0,"1":0,"2":0,"3":0},"f":{},"b":{}}
,"/Users/douglasmorais/Documents/GitHub/funcionalidades-react-accenture20/src/pages/recoveryPass/index.tsx": {"path":"/Users/douglasmorais/Documents/GitHub/funcionalidades-react-accenture20/src/pages/recoveryPass/index.tsx","statementMap":{"0":{"start":{"line":8,"column":31},"end":{"line":32,"column":1}},"1":{"start":{"line":9,"column":2},"end":{"line":31,"column":4}}},"fnMap":{"0":{"name":"(anonymous_0)","decl":{"start":{"line":8,"column":31},"end":{"line":8,"column":32}},"loc":{"start":{"line":8,"column":37},"end":{"line":32,"column":1}},"line":8}},"branchMap":{},"s":{"0":0,"1":0},"f":{"0":0},"b":{}}
,"/Users/douglasmorais/Documents/GitHub/funcionalidades-react-accenture20/src/pages/recoveryPass/style.ts": {"path":"/Users/douglasmorais/Documents/GitHub/funcionalidades-react-accenture20/src/pages/recoveryPass/style.ts","statementMap":{"0":{"start":{"line":3,"column":28},"end":{"line":6,"column":1}}},"fnMap":{},"branchMap":{},"s":{"0":0},"f":{},"b":{}}
,"/Users/douglasmorais/Documents/GitHub/funcionalidades-react-accenture20/src/routes/index.tsx": {"path":"/Users/douglasmorais/Documents/GitHub/funcionalidades-react-accenture20/src/routes/index.tsx","statementMap":{"0":{"start":{"line":14,"column":25},"end":{"line":25,"column":1}},"1":{"start":{"line":16,"column":4},"end":{"line":24,"column":5}}},"fnMap":{"0":{"name":"(anonymous_0)","decl":{"start":{"line":14,"column":25},"end":{"line":14,"column":26}},"loc":{"start":{"line":14,"column":31},"end":{"line":25,"column":1}},"line":14}},"branchMap":{},"s":{"0":0,"1":0},"f":{"0":0},"b":{}}
,"/Users/douglasmorais/Documents/GitHub/funcionalidades-react-accenture20/src/routes/privateRoute.tsx": {"path":"/Users/douglasmorais/Documents/GitHub/funcionalidades-react-accenture20/src/routes/privateRoute.tsx","statementMap":{"0":{"start":{"line":11,"column":50},"end":{"line":21,"column":1}},"1":{"start":{"line":14,"column":4},"end":{"line":20,"column":6}},"2":{"start":{"line":16,"column":26},"end":{"line":18,"column":13}}},"fnMap":{"0":{"name":"(anonymous_0)","decl":{"start":{"line":11,"column":50},"end":{"line":11,"column":51}},"loc":{"start":{"line":14,"column":4},"end":{"line":20,"column":6}},"line":14},"1":{"name":"(anonymous_1)","decl":{"start":{"line":16,"column":17},"end":{"line":16,"column":18}},"loc":{"start":{"line":16,"column":26},"end":{"line":18,"column":13}},"line":16}},"branchMap":{"0":{"loc":{"start":{"line":16,"column":26},"end":{"line":18,"column":13}},"type":"cond-expr","locations":[{"start":{"line":16,"column":47},"end":{"line":16,"column":60}},{"start":{"line":17,"column":12},"end":{"line":17,"column":79}}],"line":16}},"s":{"0":0,"1":0,"2":0},"f":{"0":0,"1":0},"b":{"0":[0,0]}}
,"/Users/douglasmorais/Documents/GitHub/funcionalidades-react-accenture20/src/services/api.ts": {"path":"/Users/douglasmorais/Documents/GitHub/funcionalidades-react-accenture20/src/services/api.ts","statementMap":{"0":{"start":{"line":3,"column":12},"end":{"line":5,"column":2}}},"fnMap":{},"branchMap":{},"s":{"0":0},"f":{},"b":{}}
,"/Users/douglasmorais/Documents/GitHub/funcionalidades-react-accenture20/src/services/auth.ts": {"path":"/Users/douglasmorais/Documents/GitHub/funcionalidades-react-accenture20/src/services/auth.ts","statementMap":{"0":{"start":{"line":1,"column":31},"end":{"line":8,"column":1}},"1":{"start":{"line":2,"column":25},"end":{"line":2,"column":58}},"2":{"start":{"line":3,"column":4},"end":{"line":7,"column":5}},"3":{"start":{"line":4,"column":8},"end":{"line":4,"column":19}},"4":{"start":{"line":6,"column":8},"end":{"line":6,"column":20}}},"fnMap":{"0":{"name":"(anonymous_0)","decl":{"start":{"line":1,"column":31},"end":{"line":1,"column":32}},"loc":{"start":{"line":1,"column":46},"end":{"line":8,"column":1}},"line":1}},"branchMap":{"0":{"loc":{"start":{"line":3,"column":4},"end":{"line":7,"column":5}},"type":"if","locations":[{"start":{"line":3,"column":4},"end":{"line":7,"column":5}},{"start":{"line":3,"column":4},"end":{"line":7,"column":5}}],"line":3}},"s":{"0":0,"1":0,"2":0,"3":0,"4":0},"f":{"0":0},"b":{"0":[0,0]}}
,"/Users/douglasmorais/Documents/GitHub/funcionalidades-react-accenture20/src/services/headers.ts": {"path":"/Users/douglasmorais/Documents/GitHub/funcionalidades-react-accenture20/src/services/headers.ts","statementMap":{"0":{"start":{"line":1,"column":16},"end":{"line":6,"column":1}}},"fnMap":{},"branchMap":{},"s":{"0":0},"f":{},"b":{}}
,"/Users/douglasmorais/Documents/GitHub/funcionalidades-react-accenture20/src/services/utils.ts": {"path":"/Users/douglasmorais/Documents/GitHub/funcionalidades-react-accenture20/src/services/utils.ts","statementMap":{"0":{"start":{"line":3,"column":23},"end":{"line":3,"column":35}}},"fnMap":{},"branchMap":{},"s":{"0":0},"f":{},"b":{}}
,"/Users/douglasmorais/Documents/GitHub/funcionalidades-react-accenture20/src/style/global.ts": {"path":"/Users/douglasmorais/Documents/GitHub/funcionalidades-react-accenture20/src/style/global.ts","statementMap":{},"fnMap":{},"branchMap":{},"s":{},"f":{},"b":{}}
,"/Users/douglasmorais/Documents/GitHub/funcionalidades-react-accenture20/src/types/signUpForm.ts": {"path":"/Users/douglasmorais/Documents/GitHub/funcionalidades-react-accenture20/src/types/signUpForm.ts","statementMap":{},"fnMap":{},"branchMap":{},"s":{},"f":{},"b":{}}
}
